{"/home/intacto/work/frontend-project-46/index.js": {"path":"/home/intacto/work/frontend-project-46/index.js","all":false,"statementMap":{"0":{"start":{"line":1,"column":0},"end":{"line":1,"column":37}},"1":{"start":{"line":2,"column":0},"end":{"line":2,"column":0}},"2":{"start":{"line":3,"column":0},"end":{"line":3,"column":23}}},"s":{"0":1,"1":1,"2":1},"branchMap":{},"b":{},"fnMap":{},"f":{}}
,"/home/intacto/work/frontend-project-46/src/index.js": {"path":"/home/intacto/work/frontend-project-46/src/index.js","all":false,"statementMap":{"0":{"start":{"line":1,"column":0},"end":{"line":1,"column":20}},"1":{"start":{"line":2,"column":0},"end":{"line":2,"column":24}},"2":{"start":{"line":3,"column":0},"end":{"line":3,"column":31}},"3":{"start":{"line":4,"column":0},"end":{"line":4,"column":40}},"4":{"start":{"line":5,"column":0},"end":{"line":5,"column":0}},"5":{"start":{"line":6,"column":0},"end":{"line":6,"column":36}},"6":{"start":{"line":7,"column":0},"end":{"line":7,"column":57}},"7":{"start":{"line":8,"column":0},"end":{"line":8,"column":49}},"8":{"start":{"line":9,"column":0},"end":{"line":9,"column":49}},"9":{"start":{"line":10,"column":0},"end":{"line":10,"column":29}},"10":{"start":{"line":11,"column":0},"end":{"line":11,"column":2}},"11":{"start":{"line":12,"column":0},"end":{"line":12,"column":0}},"12":{"start":{"line":13,"column":0},"end":{"line":13,"column":43}},"13":{"start":{"line":14,"column":0},"end":{"line":14,"column":40}},"14":{"start":{"line":15,"column":0},"end":{"line":15,"column":40}},"15":{"start":{"line":16,"column":0},"end":{"line":16,"column":0}},"16":{"start":{"line":17,"column":0},"end":{"line":17,"column":52}},"17":{"start":{"line":18,"column":0},"end":{"line":18,"column":0}},"18":{"start":{"line":19,"column":0},"end":{"line":19,"column":22}},"19":{"start":{"line":20,"column":0},"end":{"line":20,"column":2}},"20":{"start":{"line":21,"column":0},"end":{"line":21,"column":0}},"21":{"start":{"line":22,"column":0},"end":{"line":22,"column":23}}},"s":{"0":1,"1":1,"2":1,"3":1,"4":1,"5":1,"6":6,"7":6,"8":6,"9":6,"10":6,"11":1,"12":1,"13":3,"14":3,"15":3,"16":3,"17":3,"18":3,"19":3,"20":1,"21":1},"branchMap":{"0":{"type":"branch","line":6,"loc":{"start":{"line":6,"column":22},"end":{"line":11,"column":2}},"locations":[{"start":{"line":6,"column":22},"end":{"line":11,"column":2}}]},"1":{"type":"branch","line":13,"loc":{"start":{"line":13,"column":16},"end":{"line":20,"column":2}},"locations":[{"start":{"line":13,"column":16},"end":{"line":20,"column":2}}]}},"b":{"0":[6],"1":[3]},"fnMap":{"0":{"name":"getParseFile","decl":{"start":{"line":6,"column":22},"end":{"line":11,"column":2}},"loc":{"start":{"line":6,"column":22},"end":{"line":11,"column":2}},"line":6},"1":{"name":"gendiff","decl":{"start":{"line":13,"column":16},"end":{"line":20,"column":2}},"loc":{"start":{"line":13,"column":16},"end":{"line":20,"column":2}},"line":13}},"f":{"0":6,"1":3}}
,"/home/intacto/work/frontend-project-46/src/parse.js": {"path":"/home/intacto/work/frontend-project-46/src/parse.js","all":false,"statementMap":{"0":{"start":{"line":1,"column":0},"end":{"line":1,"column":27}},"1":{"start":{"line":2,"column":0},"end":{"line":2,"column":0}},"2":{"start":{"line":3,"column":0},"end":{"line":3,"column":33}},"3":{"start":{"line":4,"column":0},"end":{"line":4,"column":19}},"4":{"start":{"line":5,"column":0},"end":{"line":5,"column":16}},"5":{"start":{"line":6,"column":0},"end":{"line":6,"column":30}},"6":{"start":{"line":7,"column":0},"end":{"line":7,"column":15}},"7":{"start":{"line":8,"column":0},"end":{"line":8,"column":29}},"8":{"start":{"line":9,"column":0},"end":{"line":9,"column":16}},"9":{"start":{"line":10,"column":0},"end":{"line":10,"column":29}},"10":{"start":{"line":11,"column":0},"end":{"line":11,"column":12}},"11":{"start":{"line":12,"column":0},"end":{"line":12,"column":51}},"12":{"start":{"line":13,"column":0},"end":{"line":13,"column":3}},"13":{"start":{"line":14,"column":0},"end":{"line":14,"column":2}},"14":{"start":{"line":15,"column":0},"end":{"line":15,"column":0}},"15":{"start":{"line":16,"column":0},"end":{"line":16,"column":21}}},"s":{"0":1,"1":1,"2":1,"3":6,"4":6,"5":2,"6":6,"7":2,"8":6,"9":2,"10":6,"11":0,"12":6,"13":6,"14":1,"15":1},"branchMap":{"0":{"type":"branch","line":3,"loc":{"start":{"line":3,"column":14},"end":{"line":14,"column":2}},"locations":[{"start":{"line":3,"column":14},"end":{"line":14,"column":2}}]},"1":{"type":"branch","line":5,"loc":{"start":{"line":5,"column":4},"end":{"line":6,"column":30}},"locations":[{"start":{"line":5,"column":4},"end":{"line":6,"column":30}}]},"2":{"type":"branch","line":7,"loc":{"start":{"line":7,"column":4},"end":{"line":8,"column":29}},"locations":[{"start":{"line":7,"column":4},"end":{"line":8,"column":29}}]},"3":{"type":"branch","line":9,"loc":{"start":{"line":9,"column":4},"end":{"line":10,"column":29}},"locations":[{"start":{"line":9,"column":4},"end":{"line":10,"column":29}}]},"4":{"type":"branch","line":11,"loc":{"start":{"line":11,"column":4},"end":{"line":12,"column":51}},"locations":[{"start":{"line":11,"column":4},"end":{"line":12,"column":51}}]}},"b":{"0":[6],"1":[2],"2":[2],"3":[2],"4":[0]},"fnMap":{"0":{"name":"parse","decl":{"start":{"line":3,"column":14},"end":{"line":14,"column":2}},"loc":{"start":{"line":3,"column":14},"end":{"line":14,"column":2}},"line":3}},"f":{"0":6}}
,"/home/intacto/work/frontend-project-46/src/utils.js": {"path":"/home/intacto/work/frontend-project-46/src/utils.js","all":false,"statementMap":{"0":{"start":{"line":1,"column":0},"end":{"line":1,"column":23}},"1":{"start":{"line":2,"column":0},"end":{"line":2,"column":0}},"2":{"start":{"line":3,"column":0},"end":{"line":3,"column":42}},"3":{"start":{"line":4,"column":0},"end":{"line":4,"column":35}},"4":{"start":{"line":5,"column":0},"end":{"line":5,"column":35}},"5":{"start":{"line":6,"column":0},"end":{"line":6,"column":53}},"6":{"start":{"line":7,"column":0},"end":{"line":7,"column":0}},"7":{"start":{"line":8,"column":0},"end":{"line":8,"column":50}},"8":{"start":{"line":9,"column":0},"end":{"line":9,"column":20}},"9":{"start":{"line":10,"column":0},"end":{"line":10,"column":50}},"10":{"start":{"line":11,"column":0},"end":{"line":11,"column":46}},"11":{"start":{"line":12,"column":0},"end":{"line":12,"column":5}},"12":{"start":{"line":13,"column":0},"end":{"line":13,"column":50}},"13":{"start":{"line":14,"column":0},"end":{"line":14,"column":46}},"14":{"start":{"line":15,"column":0},"end":{"line":15,"column":5}},"15":{"start":{"line":16,"column":0},"end":{"line":16,"column":49}},"16":{"start":{"line":17,"column":0},"end":{"line":17,"column":38}},"17":{"start":{"line":18,"column":0},"end":{"line":18,"column":48}},"18":{"start":{"line":19,"column":0},"end":{"line":19,"column":7}},"19":{"start":{"line":20,"column":0},"end":{"line":20,"column":38}},"20":{"start":{"line":21,"column":0},"end":{"line":21,"column":48}},"21":{"start":{"line":22,"column":0},"end":{"line":22,"column":48}},"22":{"start":{"line":23,"column":0},"end":{"line":23,"column":7}},"23":{"start":{"line":24,"column":0},"end":{"line":24,"column":5}},"24":{"start":{"line":25,"column":0},"end":{"line":25,"column":0}},"25":{"start":{"line":26,"column":0},"end":{"line":26,"column":17}},"26":{"start":{"line":27,"column":0},"end":{"line":27,"column":9}},"27":{"start":{"line":28,"column":0},"end":{"line":28,"column":0}},"28":{"start":{"line":29,"column":0},"end":{"line":29,"column":25}},"29":{"start":{"line":30,"column":0},"end":{"line":30,"column":2}},"30":{"start":{"line":31,"column":0},"end":{"line":31,"column":0}},"31":{"start":{"line":32,"column":0},"end":{"line":32,"column":30}}},"s":{"0":1,"1":1,"2":1,"3":3,"4":3,"5":3,"6":3,"7":3,"8":15,"9":15,"10":6,"11":6,"12":15,"13":3,"14":3,"15":15,"16":6,"17":3,"18":3,"19":6,"20":3,"21":3,"22":3,"23":6,"24":15,"25":15,"26":3,"27":3,"28":3,"29":3,"30":1,"31":1},"branchMap":{"0":{"type":"branch","line":3,"loc":{"start":{"line":3,"column":23},"end":{"line":30,"column":2}},"locations":[{"start":{"line":3,"column":23},"end":{"line":30,"column":2}}]},"1":{"type":"branch","line":8,"loc":{"start":{"line":8,"column":35},"end":{"line":27,"column":3}},"locations":[{"start":{"line":8,"column":35},"end":{"line":27,"column":3}}]},"2":{"type":"branch","line":10,"loc":{"start":{"line":10,"column":25},"end":{"line":10,"column":47}},"locations":[{"start":{"line":10,"column":25},"end":{"line":10,"column":47}}]},"3":{"type":"branch","line":10,"loc":{"start":{"line":10,"column":49},"end":{"line":12,"column":5}},"locations":[{"start":{"line":10,"column":49},"end":{"line":12,"column":5}}]},"4":{"type":"branch","line":13,"loc":{"start":{"line":13,"column":26},"end":{"line":13,"column":47}},"locations":[{"start":{"line":13,"column":26},"end":{"line":13,"column":47}}]},"5":{"type":"branch","line":13,"loc":{"start":{"line":13,"column":49},"end":{"line":15,"column":5}},"locations":[{"start":{"line":13,"column":49},"end":{"line":15,"column":5}}]},"6":{"type":"branch","line":16,"loc":{"start":{"line":16,"column":25},"end":{"line":16,"column":46}},"locations":[{"start":{"line":16,"column":25},"end":{"line":16,"column":46}}]},"7":{"type":"branch","line":16,"loc":{"start":{"line":16,"column":48},"end":{"line":24,"column":5}},"locations":[{"start":{"line":16,"column":48},"end":{"line":24,"column":5}}]},"8":{"type":"branch","line":17,"loc":{"start":{"line":17,"column":37},"end":{"line":19,"column":7}},"locations":[{"start":{"line":17,"column":37},"end":{"line":19,"column":7}}]},"9":{"type":"branch","line":20,"loc":{"start":{"line":20,"column":37},"end":{"line":23,"column":7}},"locations":[{"start":{"line":20,"column":37},"end":{"line":23,"column":7}}]}},"b":{"0":[3],"1":[15],"2":[12],"3":[6],"4":[3],"5":[3],"6":[12],"7":[6],"8":[3],"9":[3]},"fnMap":{"0":{"name":"getCompareData","decl":{"start":{"line":3,"column":23},"end":{"line":30,"column":2}},"loc":{"start":{"line":3,"column":23},"end":{"line":30,"column":2}},"line":3}},"f":{"0":3}}
}
