TN:
SF:index.js
FNF:0
FNH:0
DA:1,1
DA:2,1
DA:3,1
LF:3
LH:3
BRF:0
BRH:0
end_of_record
TN:
SF:src/index.js
FN:6,getParseFile
FN:13,gendiff
FNF:2
FNH:2
FNDA:6,getParseFile
FNDA:3,gendiff
DA:1,1
DA:2,1
DA:3,1
DA:4,1
DA:5,1
DA:6,1
DA:7,6
DA:8,6
DA:9,6
DA:10,6
DA:11,6
DA:12,1
DA:13,1
DA:14,3
DA:15,3
DA:16,3
DA:17,3
DA:18,3
DA:19,3
DA:20,3
DA:21,1
DA:22,1
LF:22
LH:22
BRDA:6,0,0,6
BRDA:13,1,0,3
BRF:2
BRH:2
end_of_record
TN:
SF:src/parse.js
FN:3,parse
FNF:1
FNH:1
FNDA:6,parse
DA:1,1
DA:2,1
DA:3,1
DA:4,6
DA:5,6
DA:6,2
DA:7,6
DA:8,2
DA:9,6
DA:10,2
DA:11,6
DA:12,0
DA:13,6
DA:14,6
DA:15,1
DA:16,1
LF:16
LH:15
BRDA:3,0,0,6
BRDA:5,1,0,2
BRDA:7,2,0,2
BRDA:9,3,0,2
BRDA:11,4,0,0
BRF:5
BRH:4
end_of_record
TN:
SF:src/utils.js
FN:3,getCompareData
FNF:1
FNH:1
FNDA:3,getCompareData
DA:1,1
DA:2,1
DA:3,1
DA:4,3
DA:5,3
DA:6,3
DA:7,3
DA:8,3
DA:9,15
DA:10,15
DA:11,6
DA:12,6
DA:13,15
DA:14,3
DA:15,3
DA:16,15
DA:17,6
DA:18,3
DA:19,3
DA:20,6
DA:21,3
DA:22,3
DA:23,3
DA:24,6
DA:25,15
DA:26,15
DA:27,3
DA:28,3
DA:29,3
DA:30,3
DA:31,1
DA:32,1
LF:32
LH:32
BRDA:3,0,0,3
BRDA:8,1,0,15
BRDA:10,2,0,12
BRDA:10,3,0,6
BRDA:13,4,0,3
BRDA:13,5,0,3
BRDA:16,6,0,12
BRDA:16,7,0,6
BRDA:17,8,0,3
BRDA:20,9,0,3
BRF:10
BRH:10
end_of_record
